<?xml version="1.0" encoding="UTF-8"?>
<!-- Generated by org.testng.reporters.JUnitReportReporter -->
<testsuite hostname="Alelign" failures="0" tests="21" name="test_page.BBCTest" time="392.236" errors="1" timestamp="2021-03-27T19:47:28 EDT" skipped="0">
  <testcase classname="test_page.BBCTest" name="verifyWhatDoYourDreamMeans" time="18.892"/>
  <system-out/>
  <testcase classname="test_page.BBCTest" name="verifyToOpenDetailMasterpiece" time="16.259"/>
  <system-out/>
  <testcase classname="test_page.BBCTest" name="verifyPhotographyTab" time="33.397">
    <error message="Unable to locate element: //p[normalize-space()=&#039;Photography&#039;]
For documentation on this error, please visit: https://www.seleniumhq.org/exceptions/no_such_element.html
Build info: version: &#039;3.141.59&#039;, revision: &#039;e82be7d358&#039;, time: &#039;2018-11-14T08:17:03&#039;
System info: host: &#039;ALELIGN&#039;, ip: &#039;192.168.188.1&#039;, os.name: &#039;Windows 10&#039;, os.arch: &#039;amd64&#039;, os.version: &#039;10.0&#039;, java.version: &#039;11.0.9&#039;
Driver info: org.openqa.selenium.firefox.FirefoxDriver
Capabilities {acceptInsecureCerts: true, browserName: firefox, browserVersion: 87.0, javascriptEnabled: true, moz:accessibilityChecks: false, moz:buildID: 20210318103112, moz:geckodriverVersion: 0.29.0, moz:headless: false, moz:processID: 22908, moz:profile: C:\Users\Alelign\AppData\Lo..., moz:shutdownTimeout: 60000, moz:useNonSpecCompliantPointerOrigin: false, moz:webdriverClick: true, pageLoadStrategy: normal, platform: WINDOWS, platformName: WINDOWS, platformVersion: 10.0, rotatable: false, setWindowRect: true, strictFileInteractability: false, timeouts: {implicit: 0, pageLoad: 300000, script: 30000}, unhandledPromptBehavior: dismiss and notify}
Session ID: b7b0f5d3-8d56-4dee-bfb7-3cf630bde041
*** Element info: {Using=xpath, value=//p[normalize-space()=&#039;Photography&#039;]}" type="org.openqa.selenium.NoSuchElementException">
      <![CDATA[org.openqa.selenium.NoSuchElementException: Unable to locate element: //p[normalize-space()='Photography']
For documentation on this error, please visit: https://www.seleniumhq.org/exceptions/no_such_element.html
Build info: version: '3.141.59', revision: 'e82be7d358', time: '2018-11-14T08:17:03'
System info: host: 'ALELIGN', ip: '192.168.188.1', os.name: 'Windows 10', os.arch: 'amd64', os.version: '10.0', java.version: '11.0.9'
Driver info: org.openqa.selenium.firefox.FirefoxDriver
Capabilities {acceptInsecureCerts: true, browserName: firefox, browserVersion: 87.0, javascriptEnabled: true, moz:accessibilityChecks: false, moz:buildID: 20210318103112, moz:geckodriverVersion: 0.29.0, moz:headless: false, moz:processID: 22908, moz:profile: C:\Users\Alelign\AppData\Lo..., moz:shutdownTimeout: 60000, moz:useNonSpecCompliantPointerOrigin: false, moz:webdriverClick: true, pageLoadStrategy: normal, platform: WINDOWS, platformName: WINDOWS, platformVersion: 10.0, rotatable: false, setWindowRect: true, strictFileInteractability: false, timeouts: {implicit: 0, pageLoad: 300000, script: 30000}, unhandledPromptBehavior: dismiss and notify}
Session ID: b7b0f5d3-8d56-4dee-bfb7-3cf630bde041
*** Element info: {Using=xpath, value=//p[normalize-space()='Photography']}
at java.base/jdk.internal.reflect.NativeConstructorAccessorImpl.newInstance0(Native Method)
at java.base/jdk.internal.reflect.NativeConstructorAccessorImpl.newInstance(NativeConstructorAccessorImpl.java:62)
at java.base/jdk.internal.reflect.DelegatingConstructorAccessorImpl.newInstance(DelegatingConstructorAccessorImpl.java:45)
at java.base/java.lang.reflect.Constructor.newInstance(Constructor.java:490)
at org.openqa.selenium.remote.http.W3CHttpResponseCodec.createException(W3CHttpResponseCodec.java:187)
at org.openqa.selenium.remote.http.W3CHttpResponseCodec.decode(W3CHttpResponseCodec.java:122)
at org.openqa.selenium.remote.http.W3CHttpResponseCodec.decode(W3CHttpResponseCodec.java:49)
at org.openqa.selenium.remote.HttpCommandExecutor.execute(HttpCommandExecutor.java:158)
at org.openqa.selenium.remote.service.DriverCommandExecutor.execute(DriverCommandExecutor.java:83)
at org.openqa.selenium.remote.RemoteWebDriver.execute(RemoteWebDriver.java:552)
at org.openqa.selenium.remote.RemoteWebDriver.findElement(RemoteWebDriver.java:323)
at org.openqa.selenium.remote.RemoteWebDriver.findElementByXPath(RemoteWebDriver.java:428)
at org.openqa.selenium.By$ByXPath.findElement(By.java:353)
at org.openqa.selenium.remote.RemoteWebDriver.findElement(RemoteWebDriver.java:315)
at common.WebAPI.clickByXpath(WebAPI.java:318)
at home_page.BBCHome.openPhotohraphyTab(BBCHome.java:152)
at test_page.BBCTest.verifyPhotographyTab(BBCTest.java:127)
at java.base/jdk.internal.reflect.NativeMethodAccessorImpl.invoke0(Native Method)
at java.base/jdk.internal.reflect.NativeMethodAccessorImpl.invoke(NativeMethodAccessorImpl.java:62)
at java.base/jdk.internal.reflect.DelegatingMethodAccessorImpl.invoke(DelegatingMethodAccessorImpl.java:43)
at java.base/java.lang.reflect.Method.invoke(Method.java:566)
at org.testng.internal.MethodInvocationHelper.invokeMethod(MethodInvocationHelper.java:134)
at org.testng.internal.TestInvoker.invokeMethod(TestInvoker.java:597)
at org.testng.internal.TestInvoker.invokeTestMethod(TestInvoker.java:173)
at org.testng.internal.MethodRunner.runInSequence(MethodRunner.java:46)
at org.testng.internal.TestInvoker$MethodInvocationAgent.invoke(TestInvoker.java:816)
at org.testng.internal.TestInvoker.invokeTestMethods(TestInvoker.java:146)
at org.testng.internal.TestMethodWorker.invokeTestMethods(TestMethodWorker.java:146)
at org.testng.internal.TestMethodWorker.run(TestMethodWorker.java:128)
at java.base/java.util.ArrayList.forEach(ArrayList.java:1541)
at org.testng.TestRunner.privateRun(TestRunner.java:766)
at org.testng.TestRunner.run(TestRunner.java:587)
at org.testng.SuiteRunner.runTest(SuiteRunner.java:384)
at org.testng.SuiteRunner.runSequentially(SuiteRunner.java:378)
at org.testng.SuiteRunner.privateRun(SuiteRunner.java:337)
at org.testng.SuiteRunner.run(SuiteRunner.java:286)
at org.testng.SuiteRunnerWorker.runSuite(SuiteRunnerWorker.java:53)
at org.testng.SuiteRunnerWorker.run(SuiteRunnerWorker.java:96)
at org.testng.TestNG.runSuitesSequentially(TestNG.java:1187)
at org.testng.TestNG.runSuitesLocally(TestNG.java:1109)
at org.testng.TestNG.runSuites(TestNG.java:1039)
at org.testng.TestNG.run(TestNG.java:1007)
at org.apache.maven.surefire.testng.TestNGExecutor.run(TestNGExecutor.java:284)
at org.apache.maven.surefire.testng.TestNGXmlTestSuite.execute(TestNGXmlTestSuite.java:75)
at org.apache.maven.surefire.testng.TestNGProvider.invoke(TestNGProvider.java:119)
at org.apache.maven.surefire.booter.ForkedBooter.runSuitesInProcess(ForkedBooter.java:428)
at org.apache.maven.surefire.booter.ForkedBooter.execute(ForkedBooter.java:162)
at org.apache.maven.surefire.booter.ForkedBooter.run(ForkedBooter.java:562)
at org.apache.maven.surefire.booter.ForkedBooter.main(ForkedBooter.java:548)
]]>
    </error>
  </testcase> <!-- verifyPhotographyTab -->
  <system-out/>
  <testcase classname="test_page.BBCTest" name="verifyArtLinkIsPerformed" time="14.563"/>
  <system-out/>
  <testcase classname="test_page.BBCTest" name="verifyClickOnLiteratureLink" time="20.899"/>
  <system-out/>
  <testcase classname="test_page.BBCTest" name="verifyOpenMoreTab" time="18.705"/>
  <system-out/>
  <testcase classname="test_page.BBCTest" name="verifyOurLoveAffairsHomesLink" time="28.074"/>
  <system-out/>
  <testcase classname="test_page.BBCTest" name="verifyStyleTab" time="15.989"/>
  <system-out/>
  <testcase classname="test_page.BBCTest" name="verifyCollectionTab" time="17.862"/>
  <system-out/>
  <testcase classname="test_page.BBCTest" name="verifyFilmBrokeSeveralTaboosIsOpened" time="15.091"/>
  <system-out/>
  <testcase classname="test_page.BBCTest" name="verifyMusicTab" time="15.824"/>
  <system-out/>
  <testcase classname="test_page.BBCTest" name="verifylookingForDisnePageFound" time="24.458"/>
  <system-out/>
  <testcase classname="test_page.BBCTest" name="verifyUltimateDiningExperience" time="28.205"/>
  <system-out/>
  <testcase classname="test_page.BBCTest" name="verifyWhatYouDidnotKnowAboutColour" time="19.352"/>
  <system-out/>
  <testcase classname="test_page.BBCTest" name="verifyWeLandedOnBBCHomePage" time="8.586"/>
  <system-out/>
  <testcase classname="test_page.BBCTest" name="verifyIdentitiesTab" time="15.413"/>
  <system-out/>
  <testcase classname="test_page.BBCTest" name="verifyLookingForBooks" time="17.071"/>
  <system-out/>
  <testcase classname="test_page.BBCTest" name="verifyCollectionPageWithText" time="16.675"/>
  <system-out/>
  <testcase classname="test_page.BBCTest" name="verifyCulturePageIsDisplayed" time="13.027"/>
  <system-out/>
  <testcase classname="test_page.BBCTest" name="verifyAFilmLinkIsOpened" time="14.082"/>
  <system-out/>
  <testcase classname="test_page.BBCTest" name="verifyTVTab" time="19.812"/>
  <system-out/>
</testsuite> <!-- test_page.BBCTest -->
