<?xml version="1.0" encoding="UTF-8"?>
<!-- Generated by org.testng.reporters.JUnitReportReporter -->
<testsuite hostname="Mohammads-MBP" failures="0" tests="22" name="com.TestCareer.TestMainSportPage" time="5.754" errors="0" timestamp="2021-03-17T21:31:57 EDT" skipped="21">
  <testcase classname="com.TestCareer.TestMainSportPage" name="validateCustomerIsAbleToCancelAdd" time="5.754"/>
  <system-out/>
  <testcase classname="com.TestCareer.TestMainSportPage" name="validateFootballBtnIsClickable">
    <skipped/>
  </testcase> <!-- validateFootballBtnIsClickable -->
  <system-out/>
  <testcase classname="com.TestCareer.TestMainSportPage" name="validateFootballScoreBtnWorkingAsExpected">
    <skipped/>
  </testcase> <!-- validateFootballScoreBtnWorkingAsExpected -->
  <system-out/>
  <testcase classname="com.TestCareer.TestMainSportPage" name="validateTwitterIsDisplayed">
    <skipped/>
  </testcase> <!-- validateTwitterIsDisplayed -->
  <system-out/>
  <testcase classname="com.TestCareer.TestMainSportPage" name="validateInstagramIsDisplayed">
    <skipped/>
  </testcase> <!-- validateInstagramIsDisplayed -->
  <system-out/>
  <testcase classname="com.TestCareer.TestMainSportPage" name="validateSportLogoIsDisplayed">
    <skipped/>
  </testcase> <!-- validateSportLogoIsDisplayed -->
  <system-out/>
  <testcase classname="com.TestCareer.TestMainSportPage" name="validateExploreBBCIsDisplayedAndGetTextIsMatched">
    <skipped/>
  </testcase> <!-- validateExploreBBCIsDisplayedAndGetTextIsMatched -->
  <system-out/>
  <testcase classname="com.TestCareer.TestMainSportPage" name="validateFindUsOnSociaMediaIsAdded">
    <skipped/>
  </testcase> <!-- validateFindUsOnSociaMediaIsAdded -->
  <system-out/>
  <testcase classname="com.TestCareer.TestMainSportPage" name="validateFacebookIsDisplayed">
    <skipped/>
  </testcase> <!-- validateFacebookIsDisplayed -->
  <system-out/>
  <testcase classname="com.TestCareer.TestMainSportPage" name="validateAtoZisDisplayedUnderFullSportsAtoZ">
    <skipped/>
  </testcase> <!-- validateAtoZisDisplayedUnderFullSportsAtoZ -->
  <system-out/>
  <testcase classname="com.TestCareer.TestMainSportPage" name="validateTextforBBCAppDownloading">
    <skipped/>
  </testcase> <!-- validateTextforBBCAppDownloading -->
  <system-out/>
  <testcase classname="com.TestCareer.TestMainSportPage" name="validateMoreFromSportVisibility">
    <skipped/>
  </testcase> <!-- validateMoreFromSportVisibility -->
  <system-out/>
  <testcase classname="com.TestCareer.TestMainSportPage" name="validateTheUrl">
    <skipped/>
  </testcase> <!-- validateTheUrl -->
  <system-out/>
  <testcase classname="com.TestCareer.TestMainSportPage" name="validateSportAppLogoIsProperlyDisplayed">
    <skipped/>
  </testcase> <!-- validateSportAppLogoIsProperlyDisplayed -->
  <system-out/>
  <testcase classname="com.TestCareer.TestMainSportPage" name="validateYouTubeIsDisplayed">
    <skipped/>
  </testcase> <!-- validateYouTubeIsDisplayed -->
  <system-out/>
  <testcase classname="com.TestCareer.TestMainSportPage" name="vaidateBBCSportAppLinkFunctionality">
    <skipped/>
  </testcase> <!-- vaidateBBCSportAppLinkFunctionality -->
  <system-out/>
  <testcase classname="com.TestCareer.TestMainSportPage" name="validateAtoZBtnIsEnabled">
    <skipped/>
  </testcase> <!-- validateAtoZBtnIsEnabled -->
  <system-out/>
  <testcase classname="com.TestCareer.TestMainSportPage" name="validateFindOnSociaMediaAttributeAreMathced">
    <skipped/>
  </testcase> <!-- validateFindOnSociaMediaAttributeAreMathced -->
  <system-out/>
  <testcase classname="com.TestCareer.TestMainSportPage" name="validateFindUsOnSociaMediaIsDisplayed">
    <skipped/>
  </testcase> <!-- validateFindUsOnSociaMediaIsDisplayed -->
  <system-out/>
  <testcase classname="com.TestCareer.TestMainSportPage" name="validateCustomerCanClickOnHomeBtn">
    <skipped/>
  </testcase> <!-- validateCustomerCanClickOnHomeBtn -->
  <system-out/>
  <testcase classname="com.TestCareer.TestMainSportPage" name="validateBBCLogo">
    <skipped/>
  </testcase> <!-- validateBBCLogo -->
  <system-out/>
  <testcase classname="com.TestCareer.TestMainSportPage" name="validateFAQBtnIsEnabled">
    <skipped/>
  </testcase> <!-- validateFAQBtnIsEnabled -->
  <system-out/>
</testsuite> <!-- com.TestCareer.TestMainSportPage -->
