<?xml version="1.0" encoding="UTF-8"?>
<!-- Generated by org.testng.reporters.JUnitReportReporter -->
<testsuite hostname="Alelign" failures="0" tests="3" name="test_page.MoreMenuTabTest.MoreTabTest" time="19.180" errors="0" timestamp="2021-03-27T19:47:28 EDT" skipped="1">
  <testcase classname="test_page.MoreMenuTabTest.MoreTabTest" name="verifyWeatherLink" time="11.057"/>
  <system-out/>
  <testcase classname="test_page.MoreMenuTabTest.MoreTabTest" name="verifyMoreMenuTabClik" time="8.123"/>
  <system-out/>
  <testcase classname="test_page.MoreMenuTabTest.MoreTabTest" name="verifyWeatherSearchByCity">
    <skipped/>
  </testcase> <!-- verifyWeatherSearchByCity -->
  <system-out/>
</testsuite> <!-- test_page.MoreMenuTabTest.MoreTabTest -->
