<?xml version="1.0" encoding="UTF-8"?>
<testsuite xmlns:xsi="http://www.w3.org/2001/XMLSchema-instance" xsi:noNamespaceSchemaLocation="https://maven.apache.org/surefire/maven-surefire-plugin/xsd/surefire-test-report-3.0.xsd" version="3.0" name="TestSuite" time="38.75" tests="118" errors="0" skipped="115" failures="1">
  <properties>
    <property name="sun.desktop" value="windows"/>
    <property name="awt.toolkit" value="sun.awt.windows.WToolkit"/>
    <property name="java.specification.version" value="11"/>
    <property name="sun.cpu.isalist" value="amd64"/>
    <property name="sun.jnu.encoding" value="Cp1252"/>
    <property name="java.class.path" value="C:\Users\Fiz\IdeaProjects\WebAutomationFramework_Team2\Walmart\target\test-classes;C:\Users\Fiz\IdeaProjects\WebAutomationFramework_Team2\Walmart\target\classes;C:\Users\Fiz\IdeaProjects\WebAutomationFramework_Team2\Generic\target\classes;C:\Users\Fiz\.m2\repository\io\github\bonigarcia\webdrivermanager\4.3.1\webdrivermanager-4.3.1.jar;C:\Users\Fiz\.m2\repository\org\slf4j\slf4j-api\1.7.30\slf4j-api-1.7.30.jar;C:\Users\Fiz\.m2\repository\com\google\code\gson\gson\2.8.6\gson-2.8.6.jar;C:\Users\Fiz\.m2\repository\org\apache\httpcomponents\client5\httpclient5\5.0.3\httpclient5-5.0.3.jar;C:\Users\Fiz\.m2\repository\org\apache\httpcomponents\core5\httpcore5\5.0.2\httpcore5-5.0.2.jar;C:\Users\Fiz\.m2\repository\org\apache\httpcomponents\core5\httpcore5-h2\5.0.2\httpcore5-h2-5.0.2.jar;C:\Users\Fiz\.m2\repository\org\rauschig\jarchivelib\1.1.0\jarchivelib-1.1.0.jar;C:\Users\Fiz\.m2\repository\org\jsoup\jsoup\1.13.1\jsoup-1.13.1.jar;C:\Users\Fiz\.m2\repository\org\seleniumhq\selenium\selenium-java\3.141.59\selenium-java-3.141.59.jar;C:\Users\Fiz\.m2\repository\org\seleniumhq\selenium\selenium-api\3.141.59\selenium-api-3.141.59.jar;C:\Users\Fiz\.m2\repository\org\seleniumhq\selenium\selenium-chrome-driver\3.141.59\selenium-chrome-driver-3.141.59.jar;C:\Users\Fiz\.m2\repository\org\seleniumhq\selenium\selenium-edge-driver\3.141.59\selenium-edge-driver-3.141.59.jar;C:\Users\Fiz\.m2\repository\org\seleniumhq\selenium\selenium-firefox-driver\3.141.59\selenium-firefox-driver-3.141.59.jar;C:\Users\Fiz\.m2\repository\org\seleniumhq\selenium\selenium-ie-driver\3.141.59\selenium-ie-driver-3.141.59.jar;C:\Users\Fiz\.m2\repository\org\seleniumhq\selenium\selenium-opera-driver\3.141.59\selenium-opera-driver-3.141.59.jar;C:\Users\Fiz\.m2\repository\org\seleniumhq\selenium\selenium-remote-driver\3.141.59\selenium-remote-driver-3.141.59.jar;C:\Users\Fiz\.m2\repository\org\seleniumhq\selenium\selenium-safari-driver\3.141.59\selenium-safari-driver-3.141.59.jar;C:\Users\Fiz\.m2\repository\org\seleniumhq\selenium\selenium-support\3.141.59\selenium-support-3.141.59.jar;C:\Users\Fiz\.m2\repository\net\bytebuddy\byte-buddy\1.8.15\byte-buddy-1.8.15.jar;C:\Users\Fiz\.m2\repository\org\apache\commons\commons-exec\1.3\commons-exec-1.3.jar;C:\Users\Fiz\.m2\repository\com\google\guava\guava\25.0-jre\guava-25.0-jre.jar;C:\Users\Fiz\.m2\repository\com\google\code\findbugs\jsr305\1.3.9\jsr305-1.3.9.jar;C:\Users\Fiz\.m2\repository\org\checkerframework\checker-compat-qual\2.0.0\checker-compat-qual-2.0.0.jar;C:\Users\Fiz\.m2\repository\com\google\errorprone\error_prone_annotations\2.1.3\error_prone_annotations-2.1.3.jar;C:\Users\Fiz\.m2\repository\com\google\j2objc\j2objc-annotations\1.1\j2objc-annotations-1.1.jar;C:\Users\Fiz\.m2\repository\org\codehaus\mojo\animal-sniffer-annotations\1.14\animal-sniffer-annotations-1.14.jar;C:\Users\Fiz\.m2\repository\com\squareup\okhttp3\okhttp\3.11.0\okhttp-3.11.0.jar;C:\Users\Fiz\.m2\repository\com\squareup\okio\okio\1.14.0\okio-1.14.0.jar;C:\Users\Fiz\.m2\repository\org\seleniumhq\selenium\selenium-server\3.141.59\selenium-server-3.141.59.jar;C:\Users\Fiz\.m2\repository\com\beust\jcommander\1.72\jcommander-1.72.jar;C:\Users\Fiz\.m2\repository\net\jcip\jcip-annotations\1.0\jcip-annotations-1.0.jar;C:\Users\Fiz\.m2\repository\org\seleniumhq\selenium\jetty-repacked\9.4.12.v20180830\jetty-repacked-9.4.12.v20180830.jar;C:\Users\Fiz\.m2\repository\javax\servlet\javax.servlet-api\3.1.0\javax.servlet-api-3.1.0.jar;C:\Users\Fiz\.m2\repository\org\yaml\snakeyaml\1.19\snakeyaml-1.19.jar;C:\Users\Fiz\.m2\repository\org\testng\testng\7.1.0\testng-7.1.0.jar;C:\Users\Fiz\.m2\repository\com\google\inject\guice\4.1.0\guice-4.1.0-no_aop.jar;C:\Users\Fiz\.m2\repository\javax\inject\javax.inject\1\javax.inject-1.jar;C:\Users\Fiz\.m2\repository\aopalliance\aopalliance\1.0\aopalliance-1.0.jar;C:\Users\Fiz\.m2\repository\org\apache\poi\poi\4.1.2\poi-4.1.2.jar;C:\Users\Fiz\.m2\repository\commons-codec\commons-codec\1.13\commons-codec-1.13.jar;C:\Users\Fiz\.m2\repository\org\apache\commons\commons-collections4\4.4\commons-collections4-4.4.jar;C:\Users\Fiz\.m2\repository\org\apache\commons\commons-math3\3.6.1\commons-math3-3.6.1.jar;C:\Users\Fiz\.m2\repository\com\zaxxer\SparseBitSet\1.2\SparseBitSet-1.2.jar;C:\Users\Fiz\.m2\repository\org\apache\poi\poi-ooxml\4.1.2\poi-ooxml-4.1.2.jar;C:\Users\Fiz\.m2\repository\org\apache\commons\commons-compress\1.19\commons-compress-1.19.jar;C:\Users\Fiz\.m2\repository\com\github\virtuald\curvesapi\1.06\curvesapi-1.06.jar;C:\Users\Fiz\.m2\repository\org\apache\poi\poi-ooxml-schemas\4.1.2\poi-ooxml-schemas-4.1.2.jar;C:\Users\Fiz\.m2\repository\org\apache\xmlbeans\xmlbeans\3.1.0\xmlbeans-3.1.0.jar;C:\Users\Fiz\.m2\repository\mysql\mysql-connector-java\8.0.22\mysql-connector-java-8.0.22.jar;C:\Users\Fiz\.m2\repository\com\google\protobuf\protobuf-java\3.11.4\protobuf-java-3.11.4.jar;C:\Users\Fiz\.m2\repository\org\mongodb\mongo-java-driver\3.12.7\mongo-java-driver-3.12.7.jar;C:\Users\Fiz\.m2\repository\com\aventstack\extentreports\5.0.6\extentreports-5.0.6.jar;C:\Users\Fiz\.m2\repository\io\reactivex\rxjava3\rxjava\3.0.4\rxjava-3.0.4.jar;C:\Users\Fiz\.m2\repository\org\reactivestreams\reactive-streams\1.0.3\reactive-streams-1.0.3.jar;C:\Users\Fiz\.m2\repository\org\freemarker\freemarker\2.3.30\freemarker-2.3.30.jar;C:\Users\Fiz\.m2\repository\org\projectlombok\lombok\1.18.12\lombok-1.18.12.jar;C:\Users\Fiz\.m2\repository\com\relevantcodes\extentreports\2.41.2\extentreports-2.41.2.jar;C:\Users\Fiz\.m2\repository\org\xerial\sqlite-jdbc\3.8.11.1\sqlite-jdbc-3.8.11.1.jar;C:\Users\Fiz\.m2\repository\org\mongodb\mongodb-driver\3.0.4\mongodb-driver-3.0.4.jar;C:\Users\Fiz\.m2\repository\org\mongodb\bson\3.0.4\bson-3.0.4.jar;C:\Users\Fiz\.m2\repository\org\mongodb\mongodb-driver-core\3.0.4\mongodb-driver-core-3.0.4.jar;C:\Users\Fiz\.m2\repository\org\apache\commons\commons-lang3\3.12.0\commons-lang3-3.12.0.jar;C:\Users\Fiz\.m2\repository\commons-io\commons-io\2.8.0\commons-io-2.8.0.jar;"/>
    <property name="java.vm.vendor" value="Oracle Corporation"/>
    <property name="sun.arch.data.model" value="64"/>
    <property name="user.variant" value=""/>
    <property name="java.vendor.url" value="https://openjdk.java.net/"/>
    <property name="user.timezone" value="America/New_York"/>
    <property name="java.vm.specification.version" value="11"/>
    <property name="os.name" value="Windows 10"/>
    <property name="sun.java.launcher" value="SUN_STANDARD"/>
    <property name="user.country" value="US"/>
    <property name="sun.boot.library.path" value="C:\Program Files\Java\jdk-11.0.9\bin"/>
    <property name="sun.java.command" value="C:\Users\Fiz\AppData\Local\Temp\surefire16167016251208224775\surefirebooter9362571349966744268.jar C:\Users\Fiz\AppData\Local\Temp\surefire16167016251208224775 2021-04-10T10-50-38_321-jvmRun1 surefire1937830385124796695tmp surefire_116293038064049178094tmp"/>
    <property name="jdk.debug" value="release"/>
    <property name="surefire.test.class.path" value="C:\Users\Fiz\IdeaProjects\WebAutomationFramework_Team2\Walmart\target\test-classes;C:\Users\Fiz\IdeaProjects\WebAutomationFramework_Team2\Walmart\target\classes;C:\Users\Fiz\IdeaProjects\WebAutomationFramework_Team2\Generic\target\classes;C:\Users\Fiz\.m2\repository\io\github\bonigarcia\webdrivermanager\4.3.1\webdrivermanager-4.3.1.jar;C:\Users\Fiz\.m2\repository\org\slf4j\slf4j-api\1.7.30\slf4j-api-1.7.30.jar;C:\Users\Fiz\.m2\repository\com\google\code\gson\gson\2.8.6\gson-2.8.6.jar;C:\Users\Fiz\.m2\repository\org\apache\httpcomponents\client5\httpclient5\5.0.3\httpclient5-5.0.3.jar;C:\Users\Fiz\.m2\repository\org\apache\httpcomponents\core5\httpcore5\5.0.2\httpcore5-5.0.2.jar;C:\Users\Fiz\.m2\repository\org\apache\httpcomponents\core5\httpcore5-h2\5.0.2\httpcore5-h2-5.0.2.jar;C:\Users\Fiz\.m2\repository\org\rauschig\jarchivelib\1.1.0\jarchivelib-1.1.0.jar;C:\Users\Fiz\.m2\repository\org\jsoup\jsoup\1.13.1\jsoup-1.13.1.jar;C:\Users\Fiz\.m2\repository\org\seleniumhq\selenium\selenium-java\3.141.59\selenium-java-3.141.59.jar;C:\Users\Fiz\.m2\repository\org\seleniumhq\selenium\selenium-api\3.141.59\selenium-api-3.141.59.jar;C:\Users\Fiz\.m2\repository\org\seleniumhq\selenium\selenium-chrome-driver\3.141.59\selenium-chrome-driver-3.141.59.jar;C:\Users\Fiz\.m2\repository\org\seleniumhq\selenium\selenium-edge-driver\3.141.59\selenium-edge-driver-3.141.59.jar;C:\Users\Fiz\.m2\repository\org\seleniumhq\selenium\selenium-firefox-driver\3.141.59\selenium-firefox-driver-3.141.59.jar;C:\Users\Fiz\.m2\repository\org\seleniumhq\selenium\selenium-ie-driver\3.141.59\selenium-ie-driver-3.141.59.jar;C:\Users\Fiz\.m2\repository\org\seleniumhq\selenium\selenium-opera-driver\3.141.59\selenium-opera-driver-3.141.59.jar;C:\Users\Fiz\.m2\repository\org\seleniumhq\selenium\selenium-remote-driver\3.141.59\selenium-remote-driver-3.141.59.jar;C:\Users\Fiz\.m2\repository\org\seleniumhq\selenium\selenium-safari-driver\3.141.59\selenium-safari-driver-3.141.59.jar;C:\Users\Fiz\.m2\repository\org\seleniumhq\selenium\selenium-support\3.141.59\selenium-support-3.141.59.jar;C:\Users\Fiz\.m2\repository\net\bytebuddy\byte-buddy\1.8.15\byte-buddy-1.8.15.jar;C:\Users\Fiz\.m2\repository\org\apache\commons\commons-exec\1.3\commons-exec-1.3.jar;C:\Users\Fiz\.m2\repository\com\google\guava\guava\25.0-jre\guava-25.0-jre.jar;C:\Users\Fiz\.m2\repository\com\google\code\findbugs\jsr305\1.3.9\jsr305-1.3.9.jar;C:\Users\Fiz\.m2\repository\org\checkerframework\checker-compat-qual\2.0.0\checker-compat-qual-2.0.0.jar;C:\Users\Fiz\.m2\repository\com\google\errorprone\error_prone_annotations\2.1.3\error_prone_annotations-2.1.3.jar;C:\Users\Fiz\.m2\repository\com\google\j2objc\j2objc-annotations\1.1\j2objc-annotations-1.1.jar;C:\Users\Fiz\.m2\repository\org\codehaus\mojo\animal-sniffer-annotations\1.14\animal-sniffer-annotations-1.14.jar;C:\Users\Fiz\.m2\repository\com\squareup\okhttp3\okhttp\3.11.0\okhttp-3.11.0.jar;C:\Users\Fiz\.m2\repository\com\squareup\okio\okio\1.14.0\okio-1.14.0.jar;C:\Users\Fiz\.m2\repository\org\seleniumhq\selenium\selenium-server\3.141.59\selenium-server-3.141.59.jar;C:\Users\Fiz\.m2\repository\com\beust\jcommander\1.72\jcommander-1.72.jar;C:\Users\Fiz\.m2\repository\net\jcip\jcip-annotations\1.0\jcip-annotations-1.0.jar;C:\Users\Fiz\.m2\repository\org\seleniumhq\selenium\jetty-repacked\9.4.12.v20180830\jetty-repacked-9.4.12.v20180830.jar;C:\Users\Fiz\.m2\repository\javax\servlet\javax.servlet-api\3.1.0\javax.servlet-api-3.1.0.jar;C:\Users\Fiz\.m2\repository\org\yaml\snakeyaml\1.19\snakeyaml-1.19.jar;C:\Users\Fiz\.m2\repository\org\testng\testng\7.1.0\testng-7.1.0.jar;C:\Users\Fiz\.m2\repository\com\google\inject\guice\4.1.0\guice-4.1.0-no_aop.jar;C:\Users\Fiz\.m2\repository\javax\inject\javax.inject\1\javax.inject-1.jar;C:\Users\Fiz\.m2\repository\aopalliance\aopalliance\1.0\aopalliance-1.0.jar;C:\Users\Fiz\.m2\repository\org\apache\poi\poi\4.1.2\poi-4.1.2.jar;C:\Users\Fiz\.m2\repository\commons-codec\commons-codec\1.13\commons-codec-1.13.jar;C:\Users\Fiz\.m2\repository\org\apache\commons\commons-collections4\4.4\commons-collections4-4.4.jar;C:\Users\Fiz\.m2\repository\org\apache\commons\commons-math3\3.6.1\commons-math3-3.6.1.jar;C:\Users\Fiz\.m2\repository\com\zaxxer\SparseBitSet\1.2\SparseBitSet-1.2.jar;C:\Users\Fiz\.m2\repository\org\apache\poi\poi-ooxml\4.1.2\poi-ooxml-4.1.2.jar;C:\Users\Fiz\.m2\repository\org\apache\commons\commons-compress\1.19\commons-compress-1.19.jar;C:\Users\Fiz\.m2\repository\com\github\virtuald\curvesapi\1.06\curvesapi-1.06.jar;C:\Users\Fiz\.m2\repository\org\apache\poi\poi-ooxml-schemas\4.1.2\poi-ooxml-schemas-4.1.2.jar;C:\Users\Fiz\.m2\repository\org\apache\xmlbeans\xmlbeans\3.1.0\xmlbeans-3.1.0.jar;C:\Users\Fiz\.m2\repository\mysql\mysql-connector-java\8.0.22\mysql-connector-java-8.0.22.jar;C:\Users\Fiz\.m2\repository\com\google\protobuf\protobuf-java\3.11.4\protobuf-java-3.11.4.jar;C:\Users\Fiz\.m2\repository\org\mongodb\mongo-java-driver\3.12.7\mongo-java-driver-3.12.7.jar;C:\Users\Fiz\.m2\repository\com\aventstack\extentreports\5.0.6\extentreports-5.0.6.jar;C:\Users\Fiz\.m2\repository\io\reactivex\rxjava3\rxjava\3.0.4\rxjava-3.0.4.jar;C:\Users\Fiz\.m2\repository\org\reactivestreams\reactive-streams\1.0.3\reactive-streams-1.0.3.jar;C:\Users\Fiz\.m2\repository\org\freemarker\freemarker\2.3.30\freemarker-2.3.30.jar;C:\Users\Fiz\.m2\repository\org\projectlombok\lombok\1.18.12\lombok-1.18.12.jar;C:\Users\Fiz\.m2\repository\com\relevantcodes\extentreports\2.41.2\extentreports-2.41.2.jar;C:\Users\Fiz\.m2\repository\org\xerial\sqlite-jdbc\3.8.11.1\sqlite-jdbc-3.8.11.1.jar;C:\Users\Fiz\.m2\repository\org\mongodb\mongodb-driver\3.0.4\mongodb-driver-3.0.4.jar;C:\Users\Fiz\.m2\repository\org\mongodb\bson\3.0.4\bson-3.0.4.jar;C:\Users\Fiz\.m2\repository\org\mongodb\mongodb-driver-core\3.0.4\mongodb-driver-core-3.0.4.jar;C:\Users\Fiz\.m2\repository\org\apache\commons\commons-lang3\3.12.0\commons-lang3-3.12.0.jar;C:\Users\Fiz\.m2\repository\commons-io\commons-io\2.8.0\commons-io-2.8.0.jar;"/>
    <property name="sun.cpu.endian" value="little"/>
    <property name="user.home" value="C:\Users\Fiz"/>
    <property name="user.language" value="en"/>
    <property name="java.specification.vendor" value="Oracle Corporation"/>
    <property name="java.version.date" value="2020-10-20"/>
    <property name="java.home" value="C:\Program Files\Java\jdk-11.0.9"/>
    <property name="testng.dtd.http" value="true"/>
    <property name="file.separator" value="\"/>
    <property name="basedir" value="C:\Users\Fiz\IdeaProjects\WebAutomationFramework_Team2\Walmart"/>
    <property name="java.vm.compressedOopsMode" value="32-bit"/>
    <property name="line.separator" value="&#10;"/>
    <property name="java.specification.name" value="Java Platform API Specification"/>
    <property name="java.vm.specification.vendor" value="Oracle Corporation"/>
    <property name="java.awt.graphicsenv" value="sun.awt.Win32GraphicsEnvironment"/>
    <property name="surefire.real.class.path" value="C:\Users\Fiz\AppData\Local\Temp\surefire16167016251208224775\surefirebooter9362571349966744268.jar"/>
    <property name="user.script" value=""/>
    <property name="sun.management.compiler" value="HotSpot 64-Bit Tiered Compilers"/>
    <property name="java.runtime.version" value="11.0.9+7-LTS"/>
    <property name="user.name" value="Fiz"/>
    <property name="path.separator" value=";"/>
    <property name="os.version" value="10.0"/>
    <property name="java.runtime.name" value="Java(TM) SE Runtime Environment"/>
    <property name="file.encoding" value="Cp1252"/>
    <property name="java.vm.name" value="Java HotSpot(TM) 64-Bit Server VM"/>
    <property name="java.vendor.version" value="18.9"/>
    <property name="localRepository" value="C:\Users\Fiz\.m2\repository"/>
    <property name="java.vendor.url.bug" value="https://bugreport.java.com/bugreport/"/>
    <property name="java.io.tmpdir" value="C:\Users\Fiz\AppData\Local\Temp\"/>
    <property name="java.version" value="11.0.9"/>
    <property name="user.dir" value="C:\Users\Fiz\IdeaProjects\WebAutomationFramework_Team2\Walmart"/>
    <property name="os.arch" value="amd64"/>
    <property name="webdriver.gecko.driver" value="../Generic/BrowserDriver/windows/geckodriver.exe"/>
    <property name="java.vm.specification.name" value="Java Virtual Machine Specification"/>
    <property name="java.awt.printerjob" value="sun.awt.windows.WPrinterJob"/>
    <property name="sun.os.patch.level" value=""/>
    <property name="java.library.path" value="C:\Program Files\Java\jdk-11.0.9\bin;C:\WINDOWS\Sun\Java\bin;C:\WINDOWS\system32;C:\WINDOWS;C:\Program Files\Common Files\Oracle\Java\javapath;C:\Program Files (x86)\Common Files\Oracle\Java\javapath;C:\Program Files (x86)\Razer Chroma SDK\bin;C:\Program Files\Razer Chroma SDK\bin;C:\Program Files (x86)\Razer\ChromaBroadcast\bin;C:\Program Files\Razer\ChromaBroadcast\bin;C:\WINDOWS\system32;C:\WINDOWS;C:\WINDOWS\System32\Wbem;C:\WINDOWS\System32\WindowsPowerShell\v1.0\;C:\Program Files\NVIDIA Corporation\NVIDIA NvDLISR;C:\Program Files (x86)\NVIDIA Corporation\PhysX\Common;C:\WINDOWS\system32;C:\WINDOWS;C:\WINDOWS\System32\Wbem;C:\WINDOWS\System32\WindowsPowerShell\v1.0\;C:\WINDOWS\System32\OpenSSH\;C:\WINDOWS\system32\config\systemprofile\AppData\Local\Microsoft\WindowsApps;C:\Program Files\Java\jdk1.8.0_271\bin;C:\Program Files\Git\cmd;C:\apache-maven-3.6.3\bin;C:\Program Files\MySQL\MySQL Shell 8.0\bin\;C:\Users\Fiz\AppData\Local\Microsoft\WindowsApps;;."/>
    <property name="java.vendor" value="Oracle Corporation"/>
    <property name="java.vm.info" value="mixed mode"/>
    <property name="java.vm.version" value="11.0.9+7-LTS"/>
    <property name="sun.io.unicode.encoding" value="UnicodeLittle"/>
    <property name="java.class.version" value="55.0"/>
  </properties>
  <testcase name="adNameTest" classname="footertest.FooterTest" time="1.858">
    <system-out><![CDATA[Extent Report DirectoryC:\Users\Fiz\IdeaProjects\WebAutomationFramework_Team2\Walmart\target\surefire-reports\html
]]></system-out>
    <system-err><![CDATA[1618066246328	geckodriver	INFO	Listening on 127.0.0.1:41119
1618066247131	mozrunner::runner	INFO	Running command: "C:\\Program Files\\Mozilla Firefox\\firefox.exe" "--marionette" "-foreground" "-no-remote" "-profile" "C:\\Users\\Fiz\\AppData\\Local\\Temp\\rust_mozprofileW5E0rP"
console.warn: SearchSettings: "get: No settings file exists, new profile?" (new Error("", "(unknown module)"))
1618066252172	Marionette	INFO	Listening on port 60867
1618066252443	Marionette	WARN	TLS certificate errors will be ignored for this session
Apr 10, 2021 10:50:52 AM org.openqa.selenium.remote.ProtocolHandshake createSession
INFO: Detected dialect: W3C
]]></system-err>
  </testcase>
  <testcase name="adTitleTest" classname="footertest.FooterTest" time="3.231">
    <system-err><![CDATA[1618066258800	Marionette	INFO	Stopped listening on port 60867
[Child 3056, IPC I/O Child] WARNING: pipe error: 232: file /builds/worker/checkouts/gecko/ipc/chromium/src/chrome/common/ipc_channel_win.cc:544
[Parent 7792, IPC I/O Parent] WARNING: file /builds/worker/checkouts/gecko/ipc/chromium/src/base/process_util_win.cc:167

###!!! [Child][RunMessage] Error: Channel closing: too late to send/recv, messages will be lost

1618066261576	geckodriver	INFO	Listening on 127.0.0.1:44070
1618066262081	mozrunner::runner	INFO	Running command: "C:\\Program Files\\Mozilla Firefox\\firefox.exe" "--marionette" "-foreground" "-no-remote" "-profile" "C:\\Users\\Fiz\\AppData\\Local\\Temp\\rust_mozprofileAooBLU"
console.warn: SearchSettings: "get: No settings file exists, new profile?" (new Error("", "(unknown module)"))
1618066266329	Marionette	INFO	Listening on port 61002
1618066266411	Marionette	WARN	TLS certificate errors will be ignored for this session
Apr 10, 2021 10:51:06 AM org.openqa.selenium.remote.ProtocolHandshake createSession
INFO: Detected dialect: W3C
]]></system-err>
  </testcase>
  <testcase name="setUp[false, browserStack, windows, 10, firefox, 87.0, https://www.walmart.com/](0)" classname="footertest.FooterTest" time="12.83">
    <failure message="Process unexpectedly closed with status 0&#10;Build info: version: &apos;3.141.59&apos;, revision: &apos;e82be7d358&apos;, time: &apos;2018-11-14T08:17:03&apos;&#10;System info: host: &apos;FIZ-PC&apos;, ip: &apos;192.168.1.189&apos;, os.name: &apos;Windows 10&apos;, os.arch: &apos;amd64&apos;, os.version: &apos;10.0&apos;, java.version: &apos;11.0.9&apos;&#10;Driver info: driver.version: FirefoxDriver&#10;remote stacktrace: " type="org.openqa.selenium.WebDriverException"><![CDATA[org.openqa.selenium.WebDriverException: 
Process unexpectedly closed with status 0
Build info: version: '3.141.59', revision: 'e82be7d358', time: '2018-11-14T08:17:03'
System info: host: 'FIZ-PC', ip: '192.168.1.189', os.name: 'Windows 10', os.arch: 'amd64', os.version: '10.0', java.version: '11.0.9'
Driver info: driver.version: FirefoxDriver
remote stacktrace: 
]]></failure>
    <system-err><![CDATA[1618066273663	Marionette	INFO	Stopped listening on port 61002

###!!! [Child][RunMessage] Error: Channel closing: too late to send/recv, messages will be lost

1618066275662	geckodriver	INFO	Listening on 127.0.0.1:5476
1618066276166	mozrunner::runner	INFO	Running command: "C:\\Program Files\\Mozilla Firefox\\firefox.exe" "--marionette" "-foreground" "-no-remote" "-profile" "C:\\Users\\Fiz\\AppData\\Local\\Temp\\rust_mozprofilezXWQCI"
console.warn: SearchSettings: "get: No settings file exists, new profile?" (new Error("", "(unknown module)"))
console.error: SearchService: "maybeReloadEngines failed" ({})

###!!! [Child][RunMessage] Error: Channel closing: too late to send/recv, messages will be lost

]]></system-err>
  </testcase>
  <testcase name="startExtent" classname="footertest.FooterTest" time="0">
    <skipped/>
  </testcase>
  <testcase name="startExtent" classname="footertest.FooterTest" time="0">
    <skipped/>
  </testcase>
  <testcase name="startExtent" classname="footertest.FooterTest" time="0">
    <skipped/>
  </testcase>
  <testcase name="startExtent" classname="footertest.FooterTest" time="0">
    <skipped/>
  </testcase>
  <testcase name="startExtent" classname="footertest.FooterTest" time="0">
    <skipped/>
  </testcase>
  <testcase name="startExtent" classname="footertest.FooterTest" time="0">
    <skipped/>
  </testcase>
  <testcase name="startExtent" classname="footertest.FooterTest" time="0">
    <skipped/>
  </testcase>
  <testcase name="startExtent" classname="footertest.FooterTest" time="0">
    <skipped/>
  </testcase>
  <testcase name="startExtent" classname="footertest.FooterTest" time="0">
    <skipped/>
  </testcase>
  <testcase name="startExtent" classname="footertest.FooterTest" time="0">
    <skipped/>
  </testcase>
  <testcase name="startExtent" classname="footertest.FooterTest" time="0">
    <skipped/>
  </testcase>
  <testcase name="startExtent" classname="footertest.FooterTest" time="0">
    <skipped/>
  </testcase>
  <testcase name="startExtent" classname="footertest.FooterTest" time="0">
    <skipped/>
  </testcase>
  <testcase name="startExtent" classname="footertest.FooterTest" time="0">
    <skipped/>
  </testcase>
  <testcase name="startExtent" classname="footertest.FooterTest" time="0">
    <skipped/>
  </testcase>
  <testcase name="startExtent" classname="footertest.FooterTest" time="0">
    <skipped/>
  </testcase>
  <testcase name="startExtent" classname="footertest.FooterTest" time="0">
    <skipped/>
  </testcase>
  <testcase name="startExtent" classname="footertest.FooterTest" time="0">
    <skipped/>
  </testcase>
  <testcase name="startExtent" classname="footertest.FooterTest" time="0">
    <skipped/>
  </testcase>
  <testcase name="startExtent" classname="footertest.FooterTest" time="0">
    <skipped/>
  </testcase>
  <testcase name="startExtent" classname="footertest.FooterTest" time="0">
    <skipped/>
  </testcase>
  <testcase name="startExtent" classname="footertest.FooterTest" time="0">
    <skipped/>
  </testcase>
  <testcase name="startExtent" classname="footertest.FooterTest" time="0">
    <skipped/>
  </testcase>
  <testcase name="init" classname="footertest.FooterTest" time="0">
    <skipped/>
  </testcase>
  <testcase name="init" classname="footertest.FooterTest" time="0">
    <skipped/>
  </testcase>
  <testcase name="init" classname="footertest.FooterTest" time="0">
    <skipped/>
  </testcase>
  <testcase name="init" classname="footertest.FooterTest" time="0">
    <skipped/>
  </testcase>
  <testcase name="init" classname="footertest.FooterTest" time="0">
    <skipped/>
  </testcase>
  <testcase name="init" classname="footertest.FooterTest" time="0">
    <skipped/>
  </testcase>
  <testcase name="init" classname="footertest.FooterTest" time="0">
    <skipped/>
  </testcase>
  <testcase name="init" classname="footertest.FooterTest" time="0">
    <skipped/>
  </testcase>
  <testcase name="init" classname="footertest.FooterTest" time="0">
    <skipped/>
  </testcase>
  <testcase name="init" classname="footertest.FooterTest" time="0">
    <skipped/>
  </testcase>
  <testcase name="init" classname="footertest.FooterTest" time="0">
    <skipped/>
  </testcase>
  <testcase name="init" classname="footertest.FooterTest" time="0">
    <skipped/>
  </testcase>
  <testcase name="init" classname="footertest.FooterTest" time="0">
    <skipped/>
  </testcase>
  <testcase name="init" classname="footertest.FooterTest" time="0">
    <skipped/>
  </testcase>
  <testcase name="init" classname="footertest.FooterTest" time="0">
    <skipped/>
  </testcase>
  <testcase name="init" classname="footertest.FooterTest" time="0">
    <skipped/>
  </testcase>
  <testcase name="init" classname="footertest.FooterTest" time="0">
    <skipped/>
  </testcase>
  <testcase name="init" classname="footertest.FooterTest" time="0">
    <skipped/>
  </testcase>
  <testcase name="init" classname="footertest.FooterTest" time="0">
    <skipped/>
  </testcase>
  <testcase name="init" classname="footertest.FooterTest" time="0">
    <skipped/>
  </testcase>
  <testcase name="init" classname="footertest.FooterTest" time="0">
    <skipped/>
  </testcase>
  <testcase name="init" classname="footertest.FooterTest" time="0">
    <skipped/>
  </testcase>
  <testcase name="init" classname="footertest.FooterTest" time="0">
    <skipped/>
  </testcase>
  <testcase name="adUrlTest" classname="footertest.FooterTest" time="0">
    <skipped message="Process unexpectedly closed with status 0&#10;Build info: version: &apos;3.141.59&apos;, revision: &apos;e82be7d358&apos;, time: &apos;2018-11-14T08:17:03&apos;&#10;System info: host: &apos;FIZ-PC&apos;, ip: &apos;192.168.1.189&apos;, os.name: &apos;Windows 10&apos;, os.arch: &apos;amd64&apos;, os.version: &apos;10.0&apos;, java.version: &apos;11.0.9&apos;&#10;Driver info: driver.version: FirefoxDriver&#10;remote stacktrace: "/>
  </testcase>
  <testcase name="afterEachTestMethod" classname="footertest.FooterTest" time="0">
    <skipped/>
  </testcase>
  <testcase name="afterEachTestMethod" classname="footertest.FooterTest" time="0">
    <skipped/>
  </testcase>
  <testcase name="afterEachTestMethod" classname="footertest.FooterTest" time="0">
    <skipped/>
  </testcase>
  <testcase name="afterEachTestMethod" classname="footertest.FooterTest" time="0">
    <skipped/>
  </testcase>
  <testcase name="afterEachTestMethod" classname="footertest.FooterTest" time="0">
    <skipped/>
  </testcase>
  <testcase name="afterEachTestMethod" classname="footertest.FooterTest" time="0">
    <skipped/>
  </testcase>
  <testcase name="afterEachTestMethod" classname="footertest.FooterTest" time="0">
    <skipped/>
  </testcase>
  <testcase name="afterEachTestMethod" classname="footertest.FooterTest" time="0">
    <skipped/>
  </testcase>
  <testcase name="afterEachTestMethod" classname="footertest.FooterTest" time="0">
    <skipped/>
  </testcase>
  <testcase name="afterEachTestMethod" classname="footertest.FooterTest" time="0">
    <skipped/>
  </testcase>
  <testcase name="afterEachTestMethod" classname="footertest.FooterTest" time="0">
    <skipped/>
  </testcase>
  <testcase name="afterEachTestMethod" classname="footertest.FooterTest" time="0">
    <skipped/>
  </testcase>
  <testcase name="afterEachTestMethod" classname="footertest.FooterTest" time="0">
    <skipped/>
  </testcase>
  <testcase name="afterEachTestMethod" classname="footertest.FooterTest" time="0">
    <skipped/>
  </testcase>
  <testcase name="afterEachTestMethod" classname="footertest.FooterTest" time="0">
    <skipped/>
  </testcase>
  <testcase name="afterEachTestMethod" classname="footertest.FooterTest" time="0">
    <skipped/>
  </testcase>
  <testcase name="afterEachTestMethod" classname="footertest.FooterTest" time="0">
    <skipped/>
  </testcase>
  <testcase name="afterEachTestMethod" classname="footertest.FooterTest" time="0">
    <skipped/>
  </testcase>
  <testcase name="afterEachTestMethod" classname="footertest.FooterTest" time="0">
    <skipped/>
  </testcase>
  <testcase name="afterEachTestMethod" classname="footertest.FooterTest" time="0">
    <skipped/>
  </testcase>
  <testcase name="afterEachTestMethod" classname="footertest.FooterTest" time="0">
    <skipped/>
  </testcase>
  <testcase name="afterEachTestMethod" classname="footertest.FooterTest" time="0">
    <skipped/>
  </testcase>
  <testcase name="afterEachTestMethod" classname="footertest.FooterTest" time="0">
    <skipped/>
  </testcase>
  <testcase name="setUp" classname="footertest.FooterTest" time="0">
    <skipped/>
  </testcase>
  <testcase name="setUp" classname="footertest.FooterTest" time="0">
    <skipped/>
  </testcase>
  <testcase name="setUp" classname="footertest.FooterTest" time="0">
    <skipped/>
  </testcase>
  <testcase name="setUp" classname="footertest.FooterTest" time="0">
    <skipped/>
  </testcase>
  <testcase name="setUp" classname="footertest.FooterTest" time="0">
    <skipped/>
  </testcase>
  <testcase name="setUp" classname="footertest.FooterTest" time="0">
    <skipped/>
  </testcase>
  <testcase name="setUp" classname="footertest.FooterTest" time="0">
    <skipped/>
  </testcase>
  <testcase name="setUp" classname="footertest.FooterTest" time="0">
    <skipped/>
  </testcase>
  <testcase name="setUp" classname="footertest.FooterTest" time="0">
    <skipped/>
  </testcase>
  <testcase name="setUp" classname="footertest.FooterTest" time="0">
    <skipped/>
  </testcase>
  <testcase name="setUp" classname="footertest.FooterTest" time="0">
    <skipped/>
  </testcase>
  <testcase name="setUp" classname="footertest.FooterTest" time="0">
    <skipped/>
  </testcase>
  <testcase name="setUp" classname="footertest.FooterTest" time="0">
    <skipped/>
  </testcase>
  <testcase name="setUp" classname="footertest.FooterTest" time="0">
    <skipped/>
  </testcase>
  <testcase name="setUp" classname="footertest.FooterTest" time="0">
    <skipped/>
  </testcase>
  <testcase name="setUp" classname="footertest.FooterTest" time="0">
    <skipped/>
  </testcase>
  <testcase name="setUp" classname="footertest.FooterTest" time="0">
    <skipped/>
  </testcase>
  <testcase name="setUp" classname="footertest.FooterTest" time="0">
    <skipped/>
  </testcase>
  <testcase name="setUp" classname="footertest.FooterTest" time="0">
    <skipped/>
  </testcase>
  <testcase name="setUp" classname="footertest.FooterTest" time="0">
    <skipped/>
  </testcase>
  <testcase name="setUp" classname="footertest.FooterTest" time="0">
    <skipped/>
  </testcase>
  <testcase name="setUp" classname="footertest.FooterTest" time="0">
    <skipped/>
  </testcase>
  <testcase name="caPrivacyNameTest" classname="footertest.FooterTest" time="0">
    <skipped message="Process unexpectedly closed with status 0&#10;Build info: version: &apos;3.141.59&apos;, revision: &apos;e82be7d358&apos;, time: &apos;2018-11-14T08:17:03&apos;&#10;System info: host: &apos;FIZ-PC&apos;, ip: &apos;192.168.1.189&apos;, os.name: &apos;Windows 10&apos;, os.arch: &apos;amd64&apos;, os.version: &apos;10.0&apos;, java.version: &apos;11.0.9&apos;&#10;Driver info: driver.version: FirefoxDriver&#10;remote stacktrace: "/>
  </testcase>
  <testcase name="caPrivacyPageTest" classname="footertest.FooterTest" time="0">
    <skipped message="Process unexpectedly closed with status 0&#10;Build info: version: &apos;3.141.59&apos;, revision: &apos;e82be7d358&apos;, time: &apos;2018-11-14T08:17:03&apos;&#10;System info: host: &apos;FIZ-PC&apos;, ip: &apos;192.168.1.189&apos;, os.name: &apos;Windows 10&apos;, os.arch: &apos;amd64&apos;, os.version: &apos;10.0&apos;, java.version: &apos;11.0.9&apos;&#10;Driver info: driver.version: FirefoxDriver&#10;remote stacktrace: "/>
  </testcase>
  <testcase name="caPrivacyUrlTest" classname="footertest.FooterTest" time="0">
    <skipped message="Process unexpectedly closed with status 0&#10;Build info: version: &apos;3.141.59&apos;, revision: &apos;e82be7d358&apos;, time: &apos;2018-11-14T08:17:03&apos;&#10;System info: host: &apos;FIZ-PC&apos;, ip: &apos;192.168.1.189&apos;, os.name: &apos;Windows 10&apos;, os.arch: &apos;amd64&apos;, os.version: &apos;10.0&apos;, java.version: &apos;11.0.9&apos;&#10;Driver info: driver.version: FirefoxDriver&#10;remote stacktrace: "/>
  </testcase>
  <testcase name="nameTest" classname="footertest.FooterTest" time="0">
    <skipped message="Process unexpectedly closed with status 0&#10;Build info: version: &apos;3.141.59&apos;, revision: &apos;e82be7d358&apos;, time: &apos;2018-11-14T08:17:03&apos;&#10;System info: host: &apos;FIZ-PC&apos;, ip: &apos;192.168.1.189&apos;, os.name: &apos;Windows 10&apos;, os.arch: &apos;amd64&apos;, os.version: &apos;10.0&apos;, java.version: &apos;11.0.9&apos;&#10;Driver info: driver.version: FirefoxDriver&#10;remote stacktrace: "/>
  </testcase>
  <testcase name="privacyNameTest" classname="footertest.FooterTest" time="0">
    <skipped message="Process unexpectedly closed with status 0&#10;Build info: version: &apos;3.141.59&apos;, revision: &apos;e82be7d358&apos;, time: &apos;2018-11-14T08:17:03&apos;&#10;System info: host: &apos;FIZ-PC&apos;, ip: &apos;192.168.1.189&apos;, os.name: &apos;Windows 10&apos;, os.arch: &apos;amd64&apos;, os.version: &apos;10.0&apos;, java.version: &apos;11.0.9&apos;&#10;Driver info: driver.version: FirefoxDriver&#10;remote stacktrace: "/>
  </testcase>
  <testcase name="privacyPageTest" classname="footertest.FooterTest" time="0">
    <skipped message="Process unexpectedly closed with status 0&#10;Build info: version: &apos;3.141.59&apos;, revision: &apos;e82be7d358&apos;, time: &apos;2018-11-14T08:17:03&apos;&#10;System info: host: &apos;FIZ-PC&apos;, ip: &apos;192.168.1.189&apos;, os.name: &apos;Windows 10&apos;, os.arch: &apos;amd64&apos;, os.version: &apos;10.0&apos;, java.version: &apos;11.0.9&apos;&#10;Driver info: driver.version: FirefoxDriver&#10;remote stacktrace: "/>
  </testcase>
  <testcase name="privacyUrlTest" classname="footertest.FooterTest" time="0">
    <skipped message="Process unexpectedly closed with status 0&#10;Build info: version: &apos;3.141.59&apos;, revision: &apos;e82be7d358&apos;, time: &apos;2018-11-14T08:17:03&apos;&#10;System info: host: &apos;FIZ-PC&apos;, ip: &apos;192.168.1.189&apos;, os.name: &apos;Windows 10&apos;, os.arch: &apos;amd64&apos;, os.version: &apos;10.0&apos;, java.version: &apos;11.0.9&apos;&#10;Driver info: driver.version: FirefoxDriver&#10;remote stacktrace: "/>
  </testcase>
  <testcase name="reqPersonalNameTest" classname="footertest.FooterTest" time="0">
    <skipped message="Process unexpectedly closed with status 0&#10;Build info: version: &apos;3.141.59&apos;, revision: &apos;e82be7d358&apos;, time: &apos;2018-11-14T08:17:03&apos;&#10;System info: host: &apos;FIZ-PC&apos;, ip: &apos;192.168.1.189&apos;, os.name: &apos;Windows 10&apos;, os.arch: &apos;amd64&apos;, os.version: &apos;10.0&apos;, java.version: &apos;11.0.9&apos;&#10;Driver info: driver.version: FirefoxDriver&#10;remote stacktrace: "/>
  </testcase>
  <testcase name="reqPersonalPageTest" classname="footertest.FooterTest" time="0">
    <skipped message="Process unexpectedly closed with status 0&#10;Build info: version: &apos;3.141.59&apos;, revision: &apos;e82be7d358&apos;, time: &apos;2018-11-14T08:17:03&apos;&#10;System info: host: &apos;FIZ-PC&apos;, ip: &apos;192.168.1.189&apos;, os.name: &apos;Windows 10&apos;, os.arch: &apos;amd64&apos;, os.version: &apos;10.0&apos;, java.version: &apos;11.0.9&apos;&#10;Driver info: driver.version: FirefoxDriver&#10;remote stacktrace: "/>
  </testcase>
  <testcase name="reqPersonalUrlTest" classname="footertest.FooterTest" time="0">
    <skipped message="Process unexpectedly closed with status 0&#10;Build info: version: &apos;3.141.59&apos;, revision: &apos;e82be7d358&apos;, time: &apos;2018-11-14T08:17:03&apos;&#10;System info: host: &apos;FIZ-PC&apos;, ip: &apos;192.168.1.189&apos;, os.name: &apos;Windows 10&apos;, os.arch: &apos;amd64&apos;, os.version: &apos;10.0&apos;, java.version: &apos;11.0.9&apos;&#10;Driver info: driver.version: FirefoxDriver&#10;remote stacktrace: "/>
  </testcase>
  <testcase name="sellPersonalNameTest" classname="footertest.FooterTest" time="0">
    <skipped message="Process unexpectedly closed with status 0&#10;Build info: version: &apos;3.141.59&apos;, revision: &apos;e82be7d358&apos;, time: &apos;2018-11-14T08:17:03&apos;&#10;System info: host: &apos;FIZ-PC&apos;, ip: &apos;192.168.1.189&apos;, os.name: &apos;Windows 10&apos;, os.arch: &apos;amd64&apos;, os.version: &apos;10.0&apos;, java.version: &apos;11.0.9&apos;&#10;Driver info: driver.version: FirefoxDriver&#10;remote stacktrace: "/>
  </testcase>
  <testcase name="sellPersonalPageTest" classname="footertest.FooterTest" time="0">
    <skipped message="Process unexpectedly closed with status 0&#10;Build info: version: &apos;3.141.59&apos;, revision: &apos;e82be7d358&apos;, time: &apos;2018-11-14T08:17:03&apos;&#10;System info: host: &apos;FIZ-PC&apos;, ip: &apos;192.168.1.189&apos;, os.name: &apos;Windows 10&apos;, os.arch: &apos;amd64&apos;, os.version: &apos;10.0&apos;, java.version: &apos;11.0.9&apos;&#10;Driver info: driver.version: FirefoxDriver&#10;remote stacktrace: "/>
  </testcase>
  <testcase name="sellPersonalUrlTest" classname="footertest.FooterTest" time="0">
    <skipped message="Process unexpectedly closed with status 0&#10;Build info: version: &apos;3.141.59&apos;, revision: &apos;e82be7d358&apos;, time: &apos;2018-11-14T08:17:03&apos;&#10;System info: host: &apos;FIZ-PC&apos;, ip: &apos;192.168.1.189&apos;, os.name: &apos;Windows 10&apos;, os.arch: &apos;amd64&apos;, os.version: &apos;10.0&apos;, java.version: &apos;11.0.9&apos;&#10;Driver info: driver.version: FirefoxDriver&#10;remote stacktrace: "/>
  </testcase>
  <testcase name="supplyChainSecurityNameTest" classname="footertest.FooterTest" time="0">
    <skipped message="Process unexpectedly closed with status 0&#10;Build info: version: &apos;3.141.59&apos;, revision: &apos;e82be7d358&apos;, time: &apos;2018-11-14T08:17:03&apos;&#10;System info: host: &apos;FIZ-PC&apos;, ip: &apos;192.168.1.189&apos;, os.name: &apos;Windows 10&apos;, os.arch: &apos;amd64&apos;, os.version: &apos;10.0&apos;, java.version: &apos;11.0.9&apos;&#10;Driver info: driver.version: FirefoxDriver&#10;remote stacktrace: "/>
  </testcase>
  <testcase name="supplyChainSecurityTest" classname="footertest.FooterTest" time="0">
    <skipped message="Process unexpectedly closed with status 0&#10;Build info: version: &apos;3.141.59&apos;, revision: &apos;e82be7d358&apos;, time: &apos;2018-11-14T08:17:03&apos;&#10;System info: host: &apos;FIZ-PC&apos;, ip: &apos;192.168.1.189&apos;, os.name: &apos;Windows 10&apos;, os.arch: &apos;amd64&apos;, os.version: &apos;10.0&apos;, java.version: &apos;11.0.9&apos;&#10;Driver info: driver.version: FirefoxDriver&#10;remote stacktrace: "/>
  </testcase>
  <testcase name="taxNameTest" classname="footertest.FooterTest" time="0">
    <skipped message="Process unexpectedly closed with status 0&#10;Build info: version: &apos;3.141.59&apos;, revision: &apos;e82be7d358&apos;, time: &apos;2018-11-14T08:17:03&apos;&#10;System info: host: &apos;FIZ-PC&apos;, ip: &apos;192.168.1.189&apos;, os.name: &apos;Windows 10&apos;, os.arch: &apos;amd64&apos;, os.version: &apos;10.0&apos;, java.version: &apos;11.0.9&apos;&#10;Driver info: driver.version: FirefoxDriver&#10;remote stacktrace: "/>
  </testcase>
  <testcase name="taxPageTest" classname="footertest.FooterTest" time="0">
    <skipped message="Process unexpectedly closed with status 0&#10;Build info: version: &apos;3.141.59&apos;, revision: &apos;e82be7d358&apos;, time: &apos;2018-11-14T08:17:03&apos;&#10;System info: host: &apos;FIZ-PC&apos;, ip: &apos;192.168.1.189&apos;, os.name: &apos;Windows 10&apos;, os.arch: &apos;amd64&apos;, os.version: &apos;10.0&apos;, java.version: &apos;11.0.9&apos;&#10;Driver info: driver.version: FirefoxDriver&#10;remote stacktrace: "/>
  </testcase>
  <testcase name="termNameTest" classname="footertest.FooterTest" time="0">
    <skipped message="Process unexpectedly closed with status 0&#10;Build info: version: &apos;3.141.59&apos;, revision: &apos;e82be7d358&apos;, time: &apos;2018-11-14T08:17:03&apos;&#10;System info: host: &apos;FIZ-PC&apos;, ip: &apos;192.168.1.189&apos;, os.name: &apos;Windows 10&apos;, os.arch: &apos;amd64&apos;, os.version: &apos;10.0&apos;, java.version: &apos;11.0.9&apos;&#10;Driver info: driver.version: FirefoxDriver&#10;remote stacktrace: "/>
  </testcase>
  <testcase name="termPageTest" classname="footertest.FooterTest" time="0">
    <skipped message="Process unexpectedly closed with status 0&#10;Build info: version: &apos;3.141.59&apos;, revision: &apos;e82be7d358&apos;, time: &apos;2018-11-14T08:17:03&apos;&#10;System info: host: &apos;FIZ-PC&apos;, ip: &apos;192.168.1.189&apos;, os.name: &apos;Windows 10&apos;, os.arch: &apos;amd64&apos;, os.version: &apos;10.0&apos;, java.version: &apos;11.0.9&apos;&#10;Driver info: driver.version: FirefoxDriver&#10;remote stacktrace: "/>
  </testcase>
  <testcase name="termUrlTest" classname="footertest.FooterTest" time="0">
    <skipped message="Process unexpectedly closed with status 0&#10;Build info: version: &apos;3.141.59&apos;, revision: &apos;e82be7d358&apos;, time: &apos;2018-11-14T08:17:03&apos;&#10;System info: host: &apos;FIZ-PC&apos;, ip: &apos;192.168.1.189&apos;, os.name: &apos;Windows 10&apos;, os.arch: &apos;amd64&apos;, os.version: &apos;10.0&apos;, java.version: &apos;11.0.9&apos;&#10;Driver info: driver.version: FirefoxDriver&#10;remote stacktrace: "/>
  </testcase>
  <testcase name="titleTest" classname="footertest.FooterTest" time="0">
    <skipped message="Process unexpectedly closed with status 0&#10;Build info: version: &apos;3.141.59&apos;, revision: &apos;e82be7d358&apos;, time: &apos;2018-11-14T08:17:03&apos;&#10;System info: host: &apos;FIZ-PC&apos;, ip: &apos;192.168.1.189&apos;, os.name: &apos;Windows 10&apos;, os.arch: &apos;amd64&apos;, os.version: &apos;10.0&apos;, java.version: &apos;11.0.9&apos;&#10;Driver info: driver.version: FirefoxDriver&#10;remote stacktrace: "/>
  </testcase>
  <testcase name="urlTest" classname="footertest.FooterTest" time="0">
    <skipped message="Process unexpectedly closed with status 0&#10;Build info: version: &apos;3.141.59&apos;, revision: &apos;e82be7d358&apos;, time: &apos;2018-11-14T08:17:03&apos;&#10;System info: host: &apos;FIZ-PC&apos;, ip: &apos;192.168.1.189&apos;, os.name: &apos;Windows 10&apos;, os.arch: &apos;amd64&apos;, os.version: &apos;10.0&apos;, java.version: &apos;11.0.9&apos;&#10;Driver info: driver.version: FirefoxDriver&#10;remote stacktrace: "/>
  </testcase>
  <testcase name="generateReport" classname="footertest.FooterTest" time="0">
    <skipped/>
  </testcase>
</testsuite>